<?xml version="1.0" encoding="UTF-8"?>
<!-- Generated by org.testng.reporters.JUnitReportReporter -->
<testsuite hostname="snehas-mbp.lan" failures="0" tests="3" name="StreamTutorial.Test1" time="0.020" errors="0" timestamp="2023-08-24T12:15:13 PDT" skipped="0">
  <testcase classname="StreamTutorial.Test1" name="streamMap" time="0.006"/>
  <testcase classname="StreamTutorial.Test1" name="streamFilter" time="0.003"/>
  <testcase classname="StreamTutorial.Test1" name="streamCollect" time="0.011"/>
</testsuite> <!-- StreamTutorial.Test1 -->
