<?xml version="1.0" encoding="UTF-8"?>
<!-- Generated by org.testng.reporters.JUnitReportReporter -->
<testsuite hostname="snehas-mbp.lan" failures="0" tests="1" name="PS1" time="0.019" errors="0" timestamp="2023-09-05T16:11:51 PDT" skipped="0">
  <testcase classname="PS1" name="testRun" time="0.019"/>
</testsuite> <!-- PS1 -->
