<?xml version="1.0" encoding="UTF-8"?>
<!-- Generated by org.testng.reporters.JUnitReportReporter -->
<testsuite hostname="snehas-mbp.lan" failures="0" tests="1" name="firstDemo.AppTest" time="0.013" errors="0" timestamp="2023-08-08T21:22:39 PDT" skipped="0">
  <testcase classname="firstDemo.AppTest" name="shouldAnswerWithTrue" time="0.013"/>
</testsuite> <!-- firstDemo.AppTest -->
