<?xml version="1.0" encoding="UTF-8"?>
<!-- Generated by org.testng.reporters.JUnitReportReporter -->
<testsuite skipped="0" hostname="snehas-mbp.lan" name="RahulShettyAcademy.tests.SubmitOrderTest" tests="3" failures="0" timestamp="2023-10-02T08:56:11 PDT" time="2511.192" errors="0">
  <testcase name="submitOrder" time="27.110" classname="RahulShettyAcademy.tests.SubmitOrderTest"/>
  <system-out/>
  <testcase name="orderHistoryTest" time="2455.323" classname="RahulShettyAcademy.tests.SubmitOrderTest"/>
  <system-out/>
  <testcase name="submitOrder" time="28.759" classname="RahulShettyAcademy.tests.SubmitOrderTest"/>
  <system-out/>
</testsuite> <!-- RahulShettyAcademy.tests.SubmitOrderTest -->
