<?xml version="1.0" encoding="UTF-8"?>
<!-- Generated by org.testng.reporters.JUnitReportReporter -->
<testsuite skipped="0" hostname="snehas-mbp.lan" name="cucumber.TestNGTestRunner" tests="1" failures="0" timestamp="2023-09-28T12:32:10 PDT" time="30.861" errors="0">
  <testcase name="runScenario" time="30.861" classname="cucumber.TestNGTestRunner"/>
  <system-out/>
</testsuite> <!-- cucumber.TestNGTestRunner -->
