<?xml version="1.0" encoding="UTF-8"?>
<!-- Generated by org.testng.reporters.JUnitReportReporter -->
<testsuite hostname="snehas-mbp.lan" failures="0" tests="6" name="test.day3" time="0.023" errors="0" timestamp="2023-09-05T13:11:51 PDT" skipped="1">
  <testcase classname="test.day3" name="mobileLogOutCarLoan" time="0.006"/>
  <testcase classname="test.day3" name="webLoginCarLoan" time="0.009"/>
  <testcase classname="test.day3" name="mobileLoginCarLoan" time="0.003"/>
  <testcase classname="test.day3" name="mobileLogOutCarLoan" time="0.001"/>
  <testcase classname="test.day3" name="mobileLogOutCarLoan" time="0.004"/>
  <testcase classname="test.day3" name="mobileSigninCarLoan">
    <skipped/>
  </testcase> <!-- mobileSigninCarLoan -->
</testsuite> <!-- test.day3 -->
