<?xml version="1.0" encoding="UTF-8"?>
<!-- Generated by org.testng.reporters.JUnitReportReporter -->
<testsuite hostname="snehas-mbp.lan" failures="0" tests="2" name="test.test1" time="0.009" errors="0" timestamp="2023-08-30T12:03:54 PDT" skipped="0">
  <testcase classname="test.test1" name="demo" time="0.006"/>
  <testcase classname="test.test1" name="secondTest" time="0.003"/>
</testsuite> <!-- test.test1 -->
