<?xml version="1.0" encoding="UTF-8"?>
<!-- Generated by org.testng.reporters.JUnitReportReporter -->
<testsuite hostname="snehas-mbp.lan" failures="0" tests="3" name="test.day4" time="0.007" errors="0" timestamp="2023-09-05T13:11:51 PDT" skipped="0">
  <testcase classname="test.day4" name="webLoginHomeLoan" time="0.002"/>
  <testcase classname="test.day4" name="loginAPIHomeLoan" time="0.002"/>
  <testcase classname="test.day4" name="mobileLoginHomeLoan" time="0.003"/>
</testsuite> <!-- test.day4 -->
