<?xml version="1.0" encoding="UTF-8"?>
<!-- Generated by org.testng.reporters.JUnitReportReporter -->
<testsuite hostname="snehas-mbp.lan" failures="0" tests="1" name="test.day2" time="0.004" errors="0" timestamp="2023-09-05T13:11:51 PDT" skipped="0">
  <testcase classname="test.day2" name="ploan" time="0.004"/>
</testsuite> <!-- test.day2 -->
