<?xml version="1.0" encoding="UTF-8"?>
<!-- Generated by org.testng.reporters.JUnitReportReporter -->
<testsuite hostname="snehas-mbp.lan" failures="0" tests="1" name="test.test2" time="0.003" errors="0" timestamp="2023-08-30T12:03:54 PDT" skipped="0">
  <testcase classname="test.test2" name="ploan" time="0.003"/>
</testsuite> <!-- test.test2 -->
